2018-08-20 10:32:17,738[com.linkcircle.utils.HttpClientUtil.getFile(HttpClientUtil.java:359) - INFO]:getFile_exception:Illegal character in query at index 61: http://tsn.baidu.com/text2audio?tex=每个贷款产品的利息和要求都不一样的，利息在7厘起， 具体利息还是要根据您个人资质来定的。&lan=zh&cuid=88888&ctp=1&tok=24.ae88e37668529328df77c667e70839c8.2592000.1537324336.282335-7543700
2018-08-20 10:32:19,907[com.linkcircle.utils.HttpClientUtil.getFile(HttpClientUtil.java:359) - INFO]:getFile_exception:Illegal character in query at index 73: http://tsn.baidu.com/text2audio?tex=办理流程很简单的，我们只需要身份证，收入证明或者资产证明就可以递交申请了。 &lan=zh&cuid=88888&ctp=1&tok=24.ae88e37668529328df77c667e70839c8.2592000.1537324336.282335-7543700
2018-08-20 10:32:34,501[com.linkcircle.utils.HttpClientUtil.getFile(HttpClientUtil.java:359) - INFO]:getFile_exception:Illegal character in query at index 40: http://tsn.baidu.com/text2audio?tex=这个呢, 只要是关于贷款方面的问题, 我会竭诚为您解答的, 希望您能理解, 关于业务方面您还有其他需要了解的吗&lan=zh&cuid=88888&ctp=1&tok=24.ae88e37668529328df77c667e70839c8.2592000.1537324336.282335-7543700
2018-08-20 10:32:41,063[com.linkcircle.utils.HttpClientUtil.getFile(HttpClientUtil.java:359) - INFO]:getFile_exception:Malformed escape pair at index 49: http://tsn.baidu.com/text2audio?tex=月利息一般是0.4~0.8%左右；比如说一万块钱，一个月利息才40元。&lan=zh&cuid=88888&ctp=1&tok=24.ae88e37668529328df77c667e70839c8.2592000.1537324336.282335-7543700
2018-08-20 10:36:04,331[com.linkcircle.utils.HttpClientUtil.getFile(HttpClientUtil.java:359) - INFO]:getFile_exception:Illegal character in query at index 61: http://tsn.baidu.com/text2audio?tex=每个贷款产品的利息和要求都不一样的，利息在7厘起， 具体利息还是要根据您个人资质来定的。&lan=zh&cuid=88888&ctp=1&tok=24.f5352414ea1c2d4d8b27337df8a82468.2592000.1537324563.282335-7543700
2018-08-20 10:36:06,439[com.linkcircle.utils.HttpClientUtil.getFile(HttpClientUtil.java:359) - INFO]:getFile_exception:Illegal character in query at index 73: http://tsn.baidu.com/text2audio?tex=办理流程很简单的，我们只需要身份证，收入证明或者资产证明就可以递交申请了。 &lan=zh&cuid=88888&ctp=1&tok=24.f5352414ea1c2d4d8b27337df8a82468.2592000.1537324563.282335-7543700
2018-08-20 10:37:04,396[com.linkcircle.utils.HttpClientUtil.getFile(HttpClientUtil.java:359) - INFO]:getFile_exception:Illegal character in query at index 61: http://tsn.baidu.com/text2audio?tex=每个贷款产品的利息和要求都不一样的，利息在7厘起， 具体利息还是要根据您个人资质来定的。&lan=zh&cuid=88888&ctp=1&tok=24.956f1ae9a1e7ffa846b7bcb1cceb8b68.2592000.1537324623.282335-7543700
2018-08-20 10:37:06,799[com.linkcircle.utils.HttpClientUtil.getFile(HttpClientUtil.java:359) - INFO]:getFile_exception:Illegal character in query at index 73: http://tsn.baidu.com/text2audio?tex=办理流程很简单的，我们只需要身份证，收入证明或者资产证明就可以递交申请了。 &lan=zh&cuid=88888&ctp=1&tok=24.956f1ae9a1e7ffa846b7bcb1cceb8b68.2592000.1537324623.282335-7543700
2018-08-20 10:37:21,365[com.linkcircle.utils.HttpClientUtil.getFile(HttpClientUtil.java:359) - INFO]:getFile_exception:Illegal character in query at index 40: http://tsn.baidu.com/text2audio?tex=这个呢, 只要是关于贷款方面的问题, 我会竭诚为您解答的, 希望您能理解, 关于业务方面您还有其他需要了解的吗&lan=zh&cuid=88888&ctp=1&tok=24.956f1ae9a1e7ffa846b7bcb1cceb8b68.2592000.1537324623.282335-7543700
2018-08-20 10:37:28,102[com.linkcircle.utils.HttpClientUtil.getFile(HttpClientUtil.java:359) - INFO]:getFile_exception:Malformed escape pair at index 49: http://tsn.baidu.com/text2audio?tex=月利息一般是0.4~0.8%左右；比如说一万块钱，一个月利息才40元。&lan=zh&cuid=88888&ctp=1&tok=24.956f1ae9a1e7ffa846b7bcb1cceb8b68.2592000.1537324623.282335-7543700
2018-08-20 10:38:16,709[com.linkcircle.utils.HttpClientUtil.getFile(HttpClientUtil.java:359) - INFO]:getFile_exception:Illegal character in query at index 61: http://tsn.baidu.com/text2audio?tex=每个贷款产品的利息和要求都不一样的，利息在7厘起， 具体利息还是要根据您个人资质来定的。&lan=zh&cuid=88888&ctp=1&tok=24.7cee13358884d8e9f17ce09bde369ae6.2592000.1537324695.282335-7543700
2018-08-20 10:38:18,859[com.linkcircle.utils.HttpClientUtil.getFile(HttpClientUtil.java:359) - INFO]:getFile_exception:Illegal character in query at index 73: http://tsn.baidu.com/text2audio?tex=办理流程很简单的，我们只需要身份证，收入证明或者资产证明就可以递交申请了。 &lan=zh&cuid=88888&ctp=1&tok=24.7cee13358884d8e9f17ce09bde369ae6.2592000.1537324695.282335-7543700
2018-08-20 10:43:05,842[com.linkcircle.utils.HttpClientUtil.getFile(HttpClientUtil.java:359) - INFO]:getFile_exception:Illegal character in query at index 61: http://tsn.baidu.com/text2audio?tex=每个贷款产品的利息和要求都不一样的，利息在7厘起， 具体利息还是要根据您个人资质来定的。&lan=zh&cuid=88888&ctp=1&tok=24.36d86e7fb369ee0cf6b9d1057f4751fa.2592000.1537324984.282335-7543700
2018-08-20 10:43:08,089[com.linkcircle.utils.HttpClientUtil.getFile(HttpClientUtil.java:359) - INFO]:getFile_exception:Illegal character in query at index 73: http://tsn.baidu.com/text2audio?tex=办理流程很简单的，我们只需要身份证，收入证明或者资产证明就可以递交申请了。 &lan=zh&cuid=88888&ctp=1&tok=24.36d86e7fb369ee0cf6b9d1057f4751fa.2592000.1537324984.282335-7543700
2018-08-20 10:44:32,224[com.linkcircle.utils.HttpClientUtil.getFile(HttpClientUtil.java:359) - INFO]:getFile_exception:Illegal character in query at index 61: http://tsn.baidu.com/text2audio?tex=每个贷款产品的利息和要求都不一样的，利息在7厘起， 具体利息还是要根据您个人资质来定的。&lan=zh&cuid=88888&ctp=1&tok=24.e4e307e3326f363b6ec7726d9b74673a.2592000.1537325071.282335-7543700
2018-08-20 10:44:34,391[com.linkcircle.utils.HttpClientUtil.getFile(HttpClientUtil.java:359) - INFO]:getFile_exception:Illegal character in query at index 73: http://tsn.baidu.com/text2audio?tex=办理流程很简单的，我们只需要身份证，收入证明或者资产证明就可以递交申请了。 &lan=zh&cuid=88888&ctp=1&tok=24.e4e307e3326f363b6ec7726d9b74673a.2592000.1537325071.282335-7543700
2018-08-20 10:45:18,146[com.linkcircle.utils.HttpClientUtil.getFile(HttpClientUtil.java:359) - INFO]:getFile_exception:Illegal character in query at index 61: http://tsn.baidu.com/text2audio?tex=每个贷款产品的利息和要求都不一样的，利息在7厘起， 具体利息还是要根据您个人资质来定的。&lan=zh&cuid=88888&ctp=1&tok=24.1f678ae23a4aaca6bac4808cd24a1922.2592000.1537325117.282335-7543700
2018-08-20 10:45:20,408[com.linkcircle.utils.HttpClientUtil.getFile(HttpClientUtil.java:359) - INFO]:getFile_exception:Illegal character in query at index 73: http://tsn.baidu.com/text2audio?tex=办理流程很简单的，我们只需要身份证，收入证明或者资产证明就可以递交申请了。 &lan=zh&cuid=88888&ctp=1&tok=24.1f678ae23a4aaca6bac4808cd24a1922.2592000.1537325117.282335-7543700
2018-08-20 10:45:34,546[com.linkcircle.utils.HttpClientUtil.getFile(HttpClientUtil.java:359) - INFO]:getFile_exception:Illegal character in query at index 40: http://tsn.baidu.com/text2audio?tex=这个呢, 只要是关于贷款方面的问题, 我会竭诚为您解答的, 希望您能理解, 关于业务方面您还有其他需要了解的吗&lan=zh&cuid=88888&ctp=1&tok=24.1f678ae23a4aaca6bac4808cd24a1922.2592000.1537325117.282335-7543700
2018-08-20 10:45:41,659[com.linkcircle.utils.HttpClientUtil.getFile(HttpClientUtil.java:359) - INFO]:getFile_exception:Malformed escape pair at index 49: http://tsn.baidu.com/text2audio?tex=月利息一般是0.4~0.8%左右；比如说一万块钱，一个月利息才40元。&lan=zh&cuid=88888&ctp=1&tok=24.1f678ae23a4aaca6bac4808cd24a1922.2592000.1537325117.282335-7543700
2018-08-20 10:47:57,064[com.linkcircle.utils.HttpClientUtil.getFile(HttpClientUtil.java:359) - INFO]:getFile_exception:Illegal character in query at index 61: http://tsn.baidu.com/text2audio?tex=每个贷款产品的利息和要求都不一样的，利息在7厘起， 具体利息还是要根据您个人资质来定的。&lan=zh&cuid=88888&ctp=1&tok=24.e018f71a7eb63f59f196ac3265664a51.2592000.1537325275.282335-7543700
2018-08-20 10:48:02,332[com.linkcircle.utils.HttpClientUtil.getFile(HttpClientUtil.java:359) - INFO]:getFile_exception:Illegal character in query at index 73: http://tsn.baidu.com/text2audio?tex=办理流程很简单的，我们只需要身份证，收入证明或者资产证明就可以递交申请了。 &lan=zh&cuid=88888&ctp=1&tok=24.e018f71a7eb63f59f196ac3265664a51.2592000.1537325275.282335-7543700
2018-08-20 10:48:33,588[com.linkcircle.utils.HttpClientUtil.getFile(HttpClientUtil.java:359) - INFO]:getFile_exception:Illegal character in query at index 40: http://tsn.baidu.com/text2audio?tex=这个呢, 只要是关于贷款方面的问题, 我会竭诚为您解答的, 希望您能理解, 关于业务方面您还有其他需要了解的吗&lan=zh&cuid=88888&ctp=1&tok=24.e018f71a7eb63f59f196ac3265664a51.2592000.1537325275.282335-7543700
2018-08-20 10:48:48,211[com.linkcircle.utils.HttpClientUtil.getFile(HttpClientUtil.java:359) - INFO]:getFile_exception:Malformed escape pair at index 49: http://tsn.baidu.com/text2audio?tex=月利息一般是0.4~0.8%左右；比如说一万块钱，一个月利息才40元。&lan=zh&cuid=88888&ctp=1&tok=24.e018f71a7eb63f59f196ac3265664a51.2592000.1537325275.282335-7543700
2018-08-20 10:53:19,884[com.linkcircle.utils.HttpClientUtil.getFile(HttpClientUtil.java:359) - INFO]:getFile_exception:Illegal character in query at index 61: http://tsn.baidu.com/text2audio?tex=每个贷款产品的利息和要求都不一样的，利息在7厘起， 具体利息还是要根据您个人资质来定的。&lan=zh&cuid=88886&ctp=1&tok=24.9c835579843afb702b795dc42f5673d5.2592000.1537325599.282335-7543700
2018-08-20 10:56:54,619[com.linkcircle.utils.HttpClientUtil.getFile(HttpClientUtil.java:359) - INFO]:getFile_exception:Malformed escape pair at index 49: http://tsn.baidu.com/text2audio?tex=月利息一般是0.4~0.8%左右；比如说一万块钱，一个月利息才40元。&lan=zh&cuid=88888&ctp=1&tok=24.8d8f3db552c787e7bbdbe71b407cf15e.2592000.1537325761.282335-7543700
2018-08-20 10:58:28,196[com.linkcircle.utils.HttpClientUtil.getFile(HttpClientUtil.java:359) - INFO]:getFile_exception:Malformed escape pair at index 49: http://tsn.baidu.com/text2audio?tex=月利息一般是0.4~0.8%左右；比如说一万块钱，一个月利息才40元。&lan=zh&cuid=88886&ctp=1&tok=24.4b7e0ddd2cb33c1bf1429498166d4cce.2592000.1537325907.282335-7543700
2018-08-20 10:59:06,975[com.linkcircle.utils.HttpClientUtil.getFile(HttpClientUtil.java:359) - INFO]:getFile_exception:Malformed escape pair at index 43: http://tsn.baidu.com/text2audio?tex=0.4~0.8%&lan=zh&cuid=88886&ctp=1&tok=24.995f48bb0757899d79fb6f3a0f9802c2.2592000.1537325946.282335-7543700
2018-08-20 21:19:45,322[it.sauronsoftware.jave.DefaultFFMPEGLocator.copyFile(DefaultFFMPEGLocator.java:138) - ERROR]:Could not get native library for ffmpeg-x86_64
2018-08-20 21:21:18,747[it.sauronsoftware.jave.DefaultFFMPEGLocator.copyFile(DefaultFFMPEGLocator.java:138) - ERROR]:Could not get native library for ffmpeg-x86_64
2018-08-20 21:22:22,051[it.sauronsoftware.jave.DefaultFFMPEGLocator.copyFile(DefaultFFMPEGLocator.java:138) - ERROR]:Could not get native library for ffmpeg-x86_64
2018-08-20 21:22:56,896[it.sauronsoftware.jave.DefaultFFMPEGLocator.copyFile(DefaultFFMPEGLocator.java:138) - ERROR]:Could not get native library for ffmpeg-x86_64
2018-08-20 21:25:07,016[it.sauronsoftware.jave.DefaultFFMPEGLocator.copyFile(DefaultFFMPEGLocator.java:138) - ERROR]:Could not get native library for ffmpeg-x86_64
2018-08-20 21:29:43,124[it.sauronsoftware.jave.DefaultFFMPEGLocator.copyFile(DefaultFFMPEGLocator.java:138) - ERROR]:Could not get native library for ffmpeg-x86_64
2018-08-20 21:30:06,314[it.sauronsoftware.jave.DefaultFFMPEGLocator.copyFile(DefaultFFMPEGLocator.java:138) - ERROR]:Could not get native library for ffmpeg-x86_64
2018-08-24 21:06:52,999[com.linkcircle.utils.HttpClientUtil.doPostStr(HttpClientUtil.java:208) - INFO]:dopostJson_exception:Connect to localhost:33366 [localhost/127.0.0.1, localhost/0:0:0:0:0:0:0:1] failed: Connection refused (Connection refused)
2018-08-24 21:16:42,731[com.linkcircle.utils.HttpClientUtil.doPostStr(HttpClientUtil.java:208) - INFO]:dopostJson_exception:Connect to 58.220.51.44:15406 [/58.220.51.44] failed: Connection refused (Connection refused)
2018-08-29 15:02:52,433[com.linkcircle.utils.HttpClientUtil.getFile(HttpClientUtil.java:359) - INFO]:getFile_exception:/Users/youngder/Desktop/TTSFile/2018-08-29/tests/您好，欢迎致电顺丰速运/招聘热线，现在是非工作时段，您可以在上午九点至十二点，下午两点至五点三十分来电咨询，您的来电信息我们已记录，稍后招聘人员会与你个联系，感谢您的来电，再见20180829150251.wav (No such file or directory)
2018-11-05 09:20:49,422[com.linkcircle.utils.HttpClientUtil.getFile(HttpClientUtil.java:359) - INFO]:getFile_exception:Illegal character in query at index 47: http://tsn.baidu.com/text2audio?tex=广东省-深圳市-福田区 福田区尚书苑首层招商银行梅景支行&lan=zh&cuid=88886&ctp=1&tok=24.5f3ce976f283a9f7b675e22814b5aeb6.2592000.1543972849.282335-7543700
2018-11-05 09:21:46,614[com.linkcircle.utils.HttpClientUtil.getFile(HttpClientUtil.java:359) - INFO]:getFile_exception:Illegal character in query at index 47: http://tsn.baidu.com/text2audio?tex=广东省-深圳市-福田区 福田区尚书苑首层招商银行梅景支行&lan=zh&cuid=88886&ctp=1&tok=24.6688a52d13d6f18ef792bbc65667cb42.2592000.1543972906.282335-7543700
2018-11-05 09:22:09,516[com.linkcircle.utils.HttpClientUtil.getFile(HttpClientUtil.java:359) - INFO]:getFile_exception:Illegal character in query at index 46: http://tsn.baidu.com/text2audio?tex=广东省深圳市-福田区 福田区尚书苑首层招商银行梅景支行&lan=zh&cuid=88886&ctp=1&tok=24.3df217f85dfa8ef4c9ad45e29cc20407.2592000.1543972929.282335-7543700
2018-11-05 09:24:42,463[com.linkcircle.utils.HttpClientUtil.getFile(HttpClientUtil.java:359) - INFO]:getFile_exception:Illegal character in query at index 46: http://tsn.baidu.com/text2audio?tex=广东省深圳市-福田区 福田区尚书苑首层招商银行梅景支行&lan=zh&cuid=88886&ctp=1&tok=24.bc5899f2dd68cea4e19d3359eee91cd9.2592000.1543973082.282335-14668148
2018-11-05 09:26:40,320[com.linkcircle.utils.HttpClientUtil.getFile(HttpClientUtil.java:359) - INFO]:getFile_exception:Illegal character in query at index 46: http://tsn.baidu.com/text2audio?tex=广东省深圳市-福田区 福田区尚书苑首层招商银行梅景支行&lan=zh&cuid=88886&ctp=1&tok=24.e7e0b95eb1d906f54da40160c58aaa26.2592000.1543973200.282335-14668148
2018-11-05 09:26:52,049[com.linkcircle.utils.HttpClientUtil.getFile(HttpClientUtil.java:359) - INFO]:getFile_exception:Illegal character in query at index 46: http://tsn.baidu.com/text2audio?tex=广东省深圳市-福田区 福田区尚书苑首层招商银行梅景支行&lan=zh&cuid=88886&ctp=1&tok=24.b030d394656236a70c2906a00cec14e3.2592000.1543973211.282335-14668148
2018-11-05 09:27:22,640[com.linkcircle.utils.HttpClientUtil.getFile(HttpClientUtil.java:359) - INFO]:getFile_exception:Illegal character in query at index 40: http://tsn.baidu.com/text2audio?tex=1245 56&lan=zh&cuid=88886&ctp=1&tok=24.c733badd11e47be18af31281f28594c0.2592000.1543973242.282335-14668148
2018-11-12 14:38:16,723[it.sauronsoftware.jave.DefaultFFMPEGLocator.copyFile(DefaultFFMPEGLocator.java:138) - ERROR]:Could not get native library for ffmpeg-x86_64
